-------------------------------------------------------------------------------
Test set: com.tsg.ust.order.OrderApplicationTests
-------------------------------------------------------------------------------
Tests run: 1, Failures: 0, Errors: 1, Skipped: 0, Time elapsed: 0.003 s <<< FAILURE! - in com.tsg.ust.order.OrderApplicationTests
com.tsg.ust.order.OrderApplicationTests  Time elapsed: 0.002 s  <<< ERROR!
java.lang.NoClassDefFoundError: com/tsg/ust/order/domain/OrderService
Caused by: java.lang.ClassNotFoundException: com.tsg.ust.order.domain.OrderService

