<?xml version="1.0" encoding="UTF-8"?>
<testsuite xmlns:xsi="http://www.w3.org/2001/XMLSchema-instance" xsi:noNamespaceSchemaLocation="https://maven.apache.org/surefire/maven-surefire-plugin/xsd/surefire-test-report.xsd" name="com.tsg.ust.order.OrderApplicationTests" time="0.003" tests="1" errors="1" skipped="0" failures="0">
  <properties>
[...]
</properties>
  <testcase name="com.tsg.ust.order.OrderApplicationTests" classname="com.tsg.ust.order.OrderApplicationTests" time="0.002">
    <error message="com/tsg/ust/order/domain/OrderService" type="java.lang.NoClassDefFoundError">java.lang.NoClassDefFoundError: com/tsg/ust/order/domain/OrderService
Caused by: java.lang.ClassNotFoundException: com.tsg.ust.order.domain.OrderService
</error>
  </testcase>
</testsuite>